<?xml version="1.0" encoding="UTF-8"?>
<!-- Generated by org.testng.reporters.JUnitXMLReporter -->
<testsuite hostname="DESKTOP-CN90M96" name="Default test" tests="4" failures="0" timestamp="19 Dec 2024 11:36:32 GMT" time="0.103" errors="0">
  <testcase name="textA1" time="0.026" classname="org.data.DataProviders"/>
  <testcase name="textA1" time="0.002" classname="org.data.DataProviders"/>
  <testcase name="textA2" time="0.002" classname="org.data.DataProviders"/>
  <testcase name="textA3" time="0.001" classname="org.data.DataProviders"/>
</testsuite> <!-- Default test -->
