<?xml version="1.0" encoding="UTF-8"?>
<!-- Generated by org.testng.reporters.JUnitXMLReporter -->
<testsuite hostname="DESKTOP-CN90M96" name="Default test" tests="8" failures="0" timestamp="24 Dec 2024 10:38:52 GMT" time="0.104" errors="0">
  <testcase name="test1" time="0.021" classname="org.test.A"/>
  <testcase name="test10" time="0.003" classname="org.test.A"/>
  <testcase name="test2" time="0.002" classname="org.test.A"/>
  <testcase name="test3" time="0.002" classname="org.test.A"/>
  <testcase name="test4" time="0.002" classname="org.test.A"/>
  <testcase name="test5" time="0.002" classname="org.test.A"/>
  <testcase name="test6" time="0.001" classname="org.test.A"/>
  <testcase name="test7" time="0.001" classname="org.test.A"/>
</testsuite> <!-- Default test -->
