<?xml version="1.0" encoding="UTF-8"?>
<testng-results skipped="0" failed="0" total="5" passed="5">
  <reporter-output>
  </reporter-output>
  <suite name="Default suite" duration-ms="39" started-at="2024-12-16T05:00:03Z" finished-at="2024-12-16T05:00:03Z">
    <groups>
    </groups>
    <test name="Default test" duration-ms="39" started-at="2024-12-16T05:00:03Z" finished-at="2024-12-16T05:00:03Z">
      <class name="org.sample.Sample">
        <test-method status="PASS" signature="beforeClass()[pri:0, instance:org.sample.Sample@100fc185]" name="beforeClass" is-config="true" duration-ms="8" started-at="2024-12-16T10:30:03Z" finished-at="2024-12-16T10:30:03Z">
          <reporter-output>
          </reporter-output>
        </test-method> <!-- beforeClass -->
        <test-method status="PASS" signature="beforeMethod()[pri:0, instance:org.sample.Sample@100fc185]" name="beforeMethod" is-config="true" duration-ms="0" started-at="2024-12-16T10:30:03Z" finished-at="2024-12-16T10:30:03Z">
          <reporter-output>
          </reporter-output>
        </test-method> <!-- beforeMethod -->
        <test-method status="PASS" signature="test1()[pri:-19, instance:org.sample.Sample@100fc185]" name="test1" duration-ms="7" started-at="2024-12-16T10:30:03Z" finished-at="2024-12-16T10:30:03Z">
          <reporter-output>
          </reporter-output>
        </test-method> <!-- test1 -->
        <test-method status="PASS" signature="afterMethod()[pri:0, instance:org.sample.Sample@100fc185]" name="afterMethod" is-config="true" duration-ms="0" started-at="2024-12-16T10:30:03Z" finished-at="2024-12-16T10:30:03Z">
          <reporter-output>
          </reporter-output>
        </test-method> <!-- afterMethod -->
        <test-method status="PASS" signature="beforeMethod()[pri:0, instance:org.sample.Sample@100fc185]" name="beforeMethod" is-config="true" duration-ms="0" started-at="2024-12-16T10:30:03Z" finished-at="2024-12-16T10:30:03Z">
          <reporter-output>
          </reporter-output>
        </test-method> <!-- beforeMethod -->
        <test-method status="PASS" signature="test()[pri:-5, instance:org.sample.Sample@100fc185]" name="test" duration-ms="0" started-at="2024-12-16T10:30:03Z" finished-at="2024-12-16T10:30:03Z">
          <reporter-output>
          </reporter-output>
        </test-method> <!-- test -->
        <test-method status="PASS" signature="afterMethod()[pri:0, instance:org.sample.Sample@100fc185]" name="afterMethod" is-config="true" duration-ms="0" started-at="2024-12-16T10:30:03Z" finished-at="2024-12-16T10:30:03Z">
          <reporter-output>
          </reporter-output>
        </test-method> <!-- afterMethod -->
        <test-method status="PASS" signature="beforeMethod()[pri:0, instance:org.sample.Sample@100fc185]" name="beforeMethod" is-config="true" duration-ms="1" started-at="2024-12-16T10:30:03Z" finished-at="2024-12-16T10:30:03Z">
          <reporter-output>
          </reporter-output>
        </test-method> <!-- beforeMethod -->
        <test-method status="PASS" signature="aass()[pri:0, instance:org.sample.Sample@100fc185]" name="aass" duration-ms="0" started-at="2024-12-16T10:30:03Z" finished-at="2024-12-16T10:30:03Z">
          <reporter-output>
          </reporter-output>
        </test-method> <!-- aass -->
        <test-method status="PASS" signature="afterMethod()[pri:0, instance:org.sample.Sample@100fc185]" name="afterMethod" is-config="true" duration-ms="0" started-at="2024-12-16T10:30:03Z" finished-at="2024-12-16T10:30:03Z">
          <reporter-output>
          </reporter-output>
        </test-method> <!-- afterMethod -->
        <test-method status="PASS" signature="beforeMethod()[pri:0, instance:org.sample.Sample@100fc185]" name="beforeMethod" is-config="true" duration-ms="0" started-at="2024-12-16T10:30:03Z" finished-at="2024-12-16T10:30:03Z">
          <reporter-output>
          </reporter-output>
        </test-method> <!-- beforeMethod -->
        <test-method status="PASS" signature="test2()[pri:0, instance:org.sample.Sample@100fc185]" name="test2" duration-ms="2" started-at="2024-12-16T10:30:03Z" finished-at="2024-12-16T10:30:03Z">
          <reporter-output>
          </reporter-output>
        </test-method> <!-- test2 -->
        <test-method status="PASS" signature="afterMethod()[pri:0, instance:org.sample.Sample@100fc185]" name="afterMethod" is-config="true" duration-ms="0" started-at="2024-12-16T10:30:03Z" finished-at="2024-12-16T10:30:03Z">
          <reporter-output>
          </reporter-output>
        </test-method> <!-- afterMethod -->
        <test-method status="PASS" signature="test3()[pri:1, instance:org.sample.Sample@100fc185]" name="test3" duration-ms="1" started-at="2024-12-16T10:30:03Z" finished-at="2024-12-16T10:30:03Z">
          <reporter-output>
          </reporter-output>
        </test-method> <!-- test3 -->
        <test-method status="PASS" signature="beforeMethod()[pri:0, instance:org.sample.Sample@100fc185]" name="beforeMethod" is-config="true" duration-ms="0" started-at="2024-12-16T10:30:03Z" finished-at="2024-12-16T10:30:03Z">
          <reporter-output>
          </reporter-output>
        </test-method> <!-- beforeMethod -->
        <test-method status="PASS" signature="afterClass()[pri:0, instance:org.sample.Sample@100fc185]" name="afterClass" is-config="true" duration-ms="0" started-at="2024-12-16T10:30:03Z" finished-at="2024-12-16T10:30:03Z">
          <reporter-output>
          </reporter-output>
        </test-method> <!-- afterClass -->
        <test-method status="PASS" signature="afterMethod()[pri:0, instance:org.sample.Sample@100fc185]" name="afterMethod" is-config="true" duration-ms="0" started-at="2024-12-16T10:30:03Z" finished-at="2024-12-16T10:30:03Z">
          <reporter-output>
          </reporter-output>
        </test-method> <!-- afterMethod -->
      </class> <!-- org.sample.Sample -->
    </test> <!-- Default test -->
  </suite> <!-- Default suite -->
</testng-results>
